[
  {
    "level": "INFO",
    "message": "android.ndkVersion from module build.gradle is not set"
  },
  {
    "level": "INFO",
    "message": "ndk.dir in local.properties is D:\\ProgramFiles\\Sdk\\ndk\\21.0.6113669"
  },
  {
    "level": "INFO",
    "message": "ANDROID_NDK_HOME environment variable is not set"
  },
  {
    "level": "INFO",
    "message": "sdkFolder is D:\\ProgramFiles\\Sdk"
  },
  {
    "level": "INFO",
    "message": "Considering D:\\ProgramFiles\\Sdk\\ndk\\21.0.6113669 by ndk.dir"
  },
  {
    "level": "INFO",
    "message": "Considering D:\\ProgramFiles\\Sdk\\ndk-bundle in SDK ndk-bundle folder"
  },
  {
    "level": "INFO",
    "message": "Considering D:\\ProgramFiles\\Sdk\\ndk\\21.0.6113669 in SDK ndk folder"
  },
  {
    "level": "INFO",
    "message": "Found requested ndk.dir (D:\\ProgramFiles\\Sdk\\ndk\\21.0.6113669) which has version 21.0.6113669"
  }
]